<?xml version="1.0" encoding="UTF-8"?>
<testng-results skipped="0" failed="0" ignored="0" total="2" passed="2">
  <reporter-output>
  </reporter-output>
  <suite name="Suite" duration-ms="30006" started-at="2018-04-19T15:31:13Z" finished-at="2018-04-19T15:31:43Z">
    <groups>
    </groups>
    <test name="Test" duration-ms="30006" started-at="2018-04-19T15:31:13Z" finished-at="2018-04-19T15:31:43Z">
      <class name="com.Pagefactory.amazonsearchbox">
        <test-method status="PASS" signature="BeforeTest()[pri:0, instance:com.Pagefactory.amazonsearchbox@42f93a98]" name="BeforeTest" duration-ms="20920" started-at="2018-04-19T15:31:13Z" finished-at="2018-04-19T15:31:34Z">
          <reporter-output>
          </reporter-output>
        </test-method> <!-- BeforeTest -->
        <test-method status="PASS" signature="amazon()[pri:1, instance:com.Pagefactory.amazonsearchbox@42f93a98]" name="amazon" duration-ms="9020" started-at="2018-04-19T15:31:34Z" finished-at="2018-04-19T15:31:43Z">
          <reporter-output>
          </reporter-output>
        </test-method> <!-- amazon -->
      </class> <!-- com.Pagefactory.amazonsearchbox -->
    </test> <!-- Test -->
  </suite> <!-- Suite -->
</testng-results>
